Using pre-set license
Built from '2021.3/release' branch; Version is '2021.3.12f1 (8af3c3e441b1) revision 9106371'; Using compiler version '192829333'; Build Type 'Release'
OS: 'Windows 10  (10.0.19045) 64bit Professional' Language: 'es' Physical Memory: 32618 MB
BatchMode: 1, IsHumanControllingUs: 0, StartBugReporterOnCrash: 0, Is64bit: 1, IsPro: 1

COMMAND LINE ARGUMENTS:
C:\Program Files\Unity\Hub\Editor\2021.3.12f1\Editor\Unity.exe
-adb2
-batchMode
-noUpm
-name
AssetImportWorker4
-projectPath
C:/Users/Usuario/Desktop/Proyecto_DTCTV/DTCTV
-logFile
Logs/AssetImportWorker4.log
-srvPort
54912
Successfully changed project path to: C:/Users/Usuario/Desktop/Proyecto_DTCTV/DTCTV
C:/Users/Usuario/Desktop/Proyecto_DTCTV/DTCTV
[UnityMemory] Configuration Parameters - Can be set up in boot.config
    "memorysetup-bucket-allocator-granularity=16"
    "memorysetup-bucket-allocator-bucket-count=8"
    "memorysetup-bucket-allocator-block-size=33554432"
    "memorysetup-bucket-allocator-block-count=8"
    "memorysetup-main-allocator-block-size=16777216"
    "memorysetup-thread-allocator-block-size=16777216"
    "memorysetup-gfx-main-allocator-block-size=16777216"
    "memorysetup-gfx-thread-allocator-block-size=16777216"
    "memorysetup-cache-allocator-block-size=4194304"
    "memorysetup-typetree-allocator-block-size=2097152"
    "memorysetup-profiler-bucket-allocator-granularity=16"
    "memorysetup-profiler-bucket-allocator-bucket-count=8"
    "memorysetup-profiler-bucket-allocator-block-size=33554432"
    "memorysetup-profiler-bucket-allocator-block-count=8"
    "memorysetup-profiler-allocator-block-size=16777216"
    "memorysetup-profiler-editor-allocator-block-size=1048576"
    "memorysetup-temp-allocator-size-main=16777216"
    "memorysetup-job-temp-allocator-block-size=2097152"
    "memorysetup-job-temp-allocator-block-size-background=1048576"
    "memorysetup-job-temp-allocator-reduction-small-platforms=262144"
    "memorysetup-temp-allocator-size-background-worker=32768"
    "memorysetup-temp-allocator-size-job-worker=262144"
    "memorysetup-temp-allocator-size-preload-manager=33554432"
    "memorysetup-temp-allocator-size-nav-mesh-worker=65536"
    "memorysetup-temp-allocator-size-audio-worker=65536"
    "memorysetup-temp-allocator-size-cloud-worker=32768"
    "memorysetup-temp-allocator-size-gi-baking-worker=262144"
    "memorysetup-temp-allocator-size-gfx=262144"
Refreshing native plugins compatible for Editor in 125.03 ms, found 3 plugins.
Preloading 0 native plugins for Editor in 0.00 ms.
Initialize engine version: 2021.3.12f1 (8af3c3e441b1)
[Subsystems] Discovering subsystems at path C:/Program Files/Unity/Hub/Editor/2021.3.12f1/Editor/Data/Resources/UnitySubsystems
[Subsystems] Discovering subsystems at path C:/Users/Usuario/Desktop/Proyecto_DTCTV/DTCTV/Assets
GfxDevice: creating device client; threaded=0; jobified=0
Direct3D:
    Version:  Direct3D 11.0 [level 11.1]
    Renderer: NVIDIA GeForce RTX 3060 (ID=0x2503)
    Vendor:   NVIDIA
    VRAM:     12115 MB
    Driver:   31.0.15.5222
Initialize mono
Mono path[0] = 'C:/Program Files/Unity/Hub/Editor/2021.3.12f1/Editor/Data/Managed'
Mono path[1] = 'C:/Program Files/Unity/Hub/Editor/2021.3.12f1/Editor/Data/MonoBleedingEdge/lib/mono/unityjit-win32'
Mono config path = 'C:/Program Files/Unity/Hub/Editor/2021.3.12f1/Editor/Data/MonoBleedingEdge/etc'
Using monoOptions --debugger-agent=transport=dt_socket,embedding=1,server=y,suspend=n,address=127.0.0.1:56424
Begin MonoManager ReloadAssembly
Registering precompiled unity dll's ...
Register platform support module: C:/Program Files/Unity/Hub/Editor/2021.3.12f1/Editor/Data/PlaybackEngines/WebGLSupport/UnityEditor.WebGL.Extensions.dll
Register platform support module: C:/Program Files/Unity/Hub/Editor/2021.3.12f1/Editor/Data/PlaybackEngines/WindowsStandaloneSupport/UnityEditor.WindowsStandalone.Extensions.dll
Register platform support module: C:/Program Files/Unity/Hub/Editor/2021.3.12f1/Editor/Data/PlaybackEngines/MetroSupport/UnityEditor.UWP.Extensions.dll
Registered in 0.015243 seconds.
Native extension for UWP target not found
Native extension for WindowsStandalone target not found
Native extension for WebGL target not found
Refreshing native plugins compatible for Editor in 128.20 ms, found 3 plugins.
Preloading 0 native plugins for Editor in 0.00 ms.
Mono: successfully reloaded assembly
- Completed reload, in  0.865 seconds
Domain Reload Profiling:
	ReloadAssembly (866ms)
		BeginReloadAssembly (100ms)
			ExecutionOrderSort (0ms)
			DisableScriptedObjects (0ms)
			BackupInstance (0ms)
			ReleaseScriptingObjects (0ms)
			CreateAndSetChildDomain (1ms)
		EndReloadAssembly (600ms)
			LoadAssemblies (94ms)
			RebuildTransferFunctionScriptingTraits (0ms)
			SetupTypeCache (163ms)
			ReleaseScriptCaches (0ms)
			RebuildScriptCaches (38ms)
			SetupLoadedEditorAssemblies (328ms)
				LogAssemblyErrors (0ms)
				InitializePlatformSupportModulesInManaged (13ms)
				SetLoadedEditorAssemblies (0ms)
				RefreshPlugins (128ms)
				BeforeProcessingInitializeOnLoad (2ms)
				ProcessInitializeOnLoadAttributes (134ms)
				ProcessInitializeOnLoadMethodAttributes (51ms)
				AfterProcessingInitializeOnLoad (0ms)
				EditorAssembliesLoaded (0ms)
			ExecutionOrderSort2 (0ms)
			AwakeInstancesAfterBackupRestoration (0ms)
Platform modules already initialized, skipping
Registering precompiled user dll's ...
Registered in 0.022653 seconds.
Begin MonoManager ReloadAssembly
Symbol file LoadedFromMemory doesn't match image C:\Users\Usuario\Desktop\Proyecto_DTCTV\DTCTV\Library\PackageCache\com.unity.visualscripting@1.7.8\Editor\VisualScripting.Core\Dependencies\YamlDotNet\Unity.VisualScripting.YamlDotNet.dll
Symbol file LoadedFromMemory doesn't match image C:\Users\Usuario\Desktop\Proyecto_DTCTV\DTCTV\Library\PackageCache\com.unity.visualscripting@1.7.8\Editor\VisualScripting.Core\Dependencies\DotNetZip\Unity.VisualScripting.IonicZip.dll
Native extension for UWP target not found
Native extension for WindowsStandalone target not found
Native extension for WebGL target not found
Refreshing native plugins compatible for Editor in 110.37 ms, found 3 plugins.
Preloading 0 native plugins for Editor in 0.00 ms.
Mono: successfully reloaded assembly
- Completed reload, in  1.457 seconds
Domain Reload Profiling:
	ReloadAssembly (1458ms)
		BeginReloadAssembly (116ms)
			ExecutionOrderSort (0ms)
			DisableScriptedObjects (5ms)
			BackupInstance (0ms)
			ReleaseScriptingObjects (0ms)
			CreateAndSetChildDomain (20ms)
		EndReloadAssembly (1212ms)
			LoadAssemblies (108ms)
			RebuildTransferFunctionScriptingTraits (0ms)
			SetupTypeCache (270ms)
			ReleaseScriptCaches (1ms)
			RebuildScriptCaches (62ms)
			SetupLoadedEditorAssemblies (714ms)
				LogAssemblyErrors (0ms)
				InitializePlatformSupportModulesInManaged (11ms)
				SetLoadedEditorAssemblies (0ms)
				RefreshPlugins (110ms)
				BeforeProcessingInitializeOnLoad (113ms)
				ProcessInitializeOnLoadAttributes (337ms)
				ProcessInitializeOnLoadMethodAttributes (124ms)
				AfterProcessingInitializeOnLoad (18ms)
				EditorAssembliesLoaded (0ms)
			ExecutionOrderSort2 (0ms)
			AwakeInstancesAfterBackupRestoration (8ms)
Platform modules already initialized, skipping
========================================================================
Worker process is ready to serve import requests
Launched and connected shader compiler UnityShaderCompiler.exe after 0.06 seconds
Refreshing native plugins compatible for Editor in 1.92 ms, found 3 plugins.
Preloading 0 native plugins for Editor in 0.00 ms.
Unloading 5159 Unused Serialized files (Serialized files now loaded: 0)
Unloading 34 unused Assets / (0.7 MB). Loaded Objects now: 5613.
Memory consumption went from 203.7 MB to 202.9 MB.
Total: 6.039300 ms (FindLiveObjects: 0.727400 ms CreateObjectMapping: 0.562000 ms MarkObjects: 4.376800 ms  DeleteObjects: 0.371000 ms)

AssetImportParameters requested are different than current active one (requested -> active):
  custom:video-decoder-ogg-theora: a1e56fd34408186e4bbccfd4996cb3dc -> 
  custom:container-muxer-webm: aa71ff27fc2769a1b78a27578f13a17b -> 
  custom:container-demuxer-webm: 4f35f7cbe854078d1ac9338744f61a02 -> 
  custom:video-encoder-webm-vp8: eb34c28f22e8b96e1ab97ce403110664 -> 
  custom:audio-encoder-webm-vorbis: bf7c407c2cedff20999df2af8eb42d56 -> 
  custom:framework-win-MediaFoundation: 216162199b28c13a410421893ffa2e32 -> 
  custom:container-demuxer-ogg: 62fdf1f143b41e24485cea50d1cbac27 -> 
  custom:video-decoder-webm-vp8: 9c59270c3fd7afecdb556c50c9e8de78 -> 
  custom:audio-decoder-ogg-vorbis: bf7c407c2cedff20999df2af8eb42d56 -> 
========================================================================
Received Import Request.
  Time since last request: 345886.365403 seconds.
  path: Assets/UniversalRenderPipelineGlobalSettings.asset
  artifactKey: Guid(18dc0cd2c080841dea60987a38ce93fa) Importer(815301076,1909f56bfc062723c751e8b465ee728b)
Start importing Assets/UniversalRenderPipelineGlobalSettings.asset using Guid(18dc0cd2c080841dea60987a38ce93fa) Importer(815301076,1909f56bfc062723c751e8b465ee728b)  -> (artifact id: '92801cae1a897d946050a0dfa8d20fcb') in 0.051700 seconds 
========================================================================
Received Import Request.
  Time since last request: 0.000033 seconds.
  path: Assets/Readme.asset
  artifactKey: Guid(8105016687592461f977c054a80ce2f2) Importer(815301076,1909f56bfc062723c751e8b465ee728b)
Start importing Assets/Readme.asset using Guid(8105016687592461f977c054a80ce2f2) Importer(815301076,1909f56bfc062723c751e8b465ee728b)  -> (artifact id: '3f8df6bccfaeea7c160e2ca3bda91111') in 0.005902 seconds 
========================================================================
Received Import Request.
  Time since last request: 19.531966 seconds.
  path: Assets/Scenes/Demo.unity
  artifactKey: Guid(31a97fe515bb0864da876a0a072cf949) Importer(815301076,1909f56bfc062723c751e8b465ee728b)
Start importing Assets/Scenes/Demo.unity using Guid(31a97fe515bb0864da876a0a072cf949) Importer(815301076,1909f56bfc062723c751e8b465ee728b)  -> (artifact id: '1aaba1a9f8efec60e15d8e4e6b8ef896') in 0.002084 seconds 
========================================================================
Received Import Request.
  Time since last request: 0.996028 seconds.
  path: Assets/Scenes/Nivel1.unity
  artifactKey: Guid(9fc0d4010bbf28b4594072e72b8655ab) Importer(815301076,1909f56bfc062723c751e8b465ee728b)
Start importing Assets/Scenes/Nivel1.unity using Guid(9fc0d4010bbf28b4594072e72b8655ab) Importer(815301076,1909f56bfc062723c751e8b465ee728b)  -> (artifact id: 'ea1a127323172def4aa890e43b15e4ba') in 0.002019 seconds 
========================================================================
Received Import Request.
  Time since last request: 1425.504094 seconds.
  path: Assets/Models/PlantaBaja.fbx
  artifactKey: Guid(f6c8a44c564074a4f9f02aac61bac838) Importer(815301076,1909f56bfc062723c751e8b465ee728b)
Start importing Assets/Models/PlantaBaja.fbx using Guid(f6c8a44c564074a4f9f02aac61bac838) Importer(815301076,1909f56bfc062723c751e8b465ee728b)  -> (artifact id: '997bf9933278abbf485383800c161b9b') in 1.195887 seconds 
========================================================================
Received Import Request.
  Time since last request: 18.847916 seconds.
  path: Assets/Models/NIVEL1/Manilla.fbx
  artifactKey: Guid(be8e447edb4129a41ba87a77efd98c00) Importer(815301076,1909f56bfc062723c751e8b465ee728b)
Start importing Assets/Models/NIVEL1/Manilla.fbx using Guid(be8e447edb4129a41ba87a77efd98c00) Importer(815301076,1909f56bfc062723c751e8b465ee728b)  -> (artifact id: '03c368b549fdfb8faf46324523b28ee6') in 0.053924 seconds 
========================================================================
Received Import Request.
  Time since last request: 2.027059 seconds.
  path: Assets/Models/NIVEL1/Bath
  artifactKey: Guid(175ab40a88ab0e4419ac272439549265) Importer(815301076,1909f56bfc062723c751e8b465ee728b)
Start importing Assets/Models/NIVEL1/Bath using Guid(175ab40a88ab0e4419ac272439549265) Importer(815301076,1909f56bfc062723c751e8b465ee728b)  -> (artifact id: 'e6108e701d7712371d5a1696e2347274') in 0.002039 seconds 
========================================================================
Received Import Request.
  Time since last request: 0.058120 seconds.
  path: Assets/Models/NIVEL1/Bath/Burbuja.mat
  artifactKey: Guid(dd86dcbc69ed7234b90a5aa836c60e6f) Importer(815301076,1909f56bfc062723c751e8b465ee728b)
Start importing Assets/Models/NIVEL1/Bath/Burbuja.mat using Guid(dd86dcbc69ed7234b90a5aa836c60e6f) Importer(815301076,1909f56bfc062723c751e8b465ee728b)  -> (artifact id: 'e947bf811eb5ee6bdcce2b63f393e6c7') in 0.954434 seconds 
========================================================================
Received Import Request.
  Time since last request: 1.925014 seconds.
  path: Assets/Models/NIVEL1/Bath/Espejo
  artifactKey: Guid(d4fdbcb878b810a479566a029ad3cce8) Importer(815301076,1909f56bfc062723c751e8b465ee728b)
Start importing Assets/Models/NIVEL1/Bath/Espejo using Guid(d4fdbcb878b810a479566a029ad3cce8) Importer(815301076,1909f56bfc062723c751e8b465ee728b)  -> (artifact id: '1ee28d7d349fc90911c9799f67fbb059') in 0.001979 seconds 
========================================================================
Received Import Request.
  Time since last request: 0.095118 seconds.
  path: Assets/Models/NIVEL1/Bath/Espejo/Espejo.fbx
  artifactKey: Guid(e95502b6334bfe34da4fe58e2eefa45d) Importer(815301076,1909f56bfc062723c751e8b465ee728b)
Start importing Assets/Models/NIVEL1/Bath/Espejo/Espejo.fbx using Guid(e95502b6334bfe34da4fe58e2eefa45d) Importer(815301076,1909f56bfc062723c751e8b465ee728b)  -> (artifact id: 'c64b673e90b42034f4d343587498b059') in 0.016667 seconds 
========================================================================
Received Import Request.
  Time since last request: 0.000021 seconds.
  path: Assets/Models/NIVEL1/Bath/Espejo/EspejoPuzzleMat.mat
  artifactKey: Guid(038319e478ea9754ca42764622a1922a) Importer(815301076,1909f56bfc062723c751e8b465ee728b)
Start importing Assets/Models/NIVEL1/Bath/Espejo/EspejoPuzzleMat.mat using Guid(038319e478ea9754ca42764622a1922a) Importer(815301076,1909f56bfc062723c751e8b465ee728b)  -> (artifact id: '3ce730a04cc92313ed6bdf2a148a9c43') in 1.247830 seconds 
========================================================================
Received Import Request.
  Time since last request: 1.916014 seconds.
  path: Assets/Models/NIVEL1/OtherObjects
  artifactKey: Guid(07248521a9a9713438df64b94d04853f) Importer(815301076,1909f56bfc062723c751e8b465ee728b)
Start importing Assets/Models/NIVEL1/OtherObjects using Guid(07248521a9a9713438df64b94d04853f) Importer(815301076,1909f56bfc062723c751e8b465ee728b)  -> (artifact id: '7551022b377d972070cfb79bb4193ec5') in 0.002301 seconds 
========================================================================
Received Import Request.
  Time since last request: 0.147502 seconds.
  path: Assets/Models/NIVEL1/OtherObjects/b.mat
  artifactKey: Guid(7cdb160c06672f942ad8922dd6b71652) Importer(815301076,1909f56bfc062723c751e8b465ee728b)
Start importing Assets/Models/NIVEL1/OtherObjects/b.mat using Guid(7cdb160c06672f942ad8922dd6b71652) Importer(815301076,1909f56bfc062723c751e8b465ee728b)  -> (artifact id: '15ae07ca382994b1531f6c5659124252') in 0.009534 seconds 
========================================================================
Received Import Request.
  Time since last request: 0.413716 seconds.
  path: Assets/Models/NIVEL1/OtherObjects/HousePlaneMat.mat
  artifactKey: Guid(d605e037bc36c86488306f77a19002d2) Importer(815301076,1909f56bfc062723c751e8b465ee728b)
Start importing Assets/Models/NIVEL1/OtherObjects/HousePlaneMat.mat using Guid(d605e037bc36c86488306f77a19002d2) Importer(815301076,1909f56bfc062723c751e8b465ee728b)  -> (artifact id: 'beb0764e8ea590923dfb34536a57a6f1') in 0.056122 seconds 
Editor requested this worker to shutdown with reason: Scaling down because of idle timeout
AssetImportWorker is now disconnected from the server
Process exiting
Exiting without the bug reporter. Application will terminate with return code 0