Using pre-set license
Built from '2021.3/release' branch; Version is '2021.3.12f1 (8af3c3e441b1) revision 9106371'; Using compiler version '192829333'; Build Type 'Release'
OS: 'Windows 10  (10.0.19045) 64bit Professional' Language: 'es' Physical Memory: 32618 MB
BatchMode: 1, IsHumanControllingUs: 0, StartBugReporterOnCrash: 0, Is64bit: 1, IsPro: 1

COMMAND LINE ARGUMENTS:
C:\Program Files\Unity\Hub\Editor\2021.3.12f1\Editor\Unity.exe
-adb2
-batchMode
-noUpm
-name
AssetImportWorker11
-projectPath
C:/Users/Usuario/Desktop/Proyecto_DTCTV/DTCTV
-logFile
Logs/AssetImportWorker11.log
-srvPort
54912
Successfully changed project path to: C:/Users/Usuario/Desktop/Proyecto_DTCTV/DTCTV
C:/Users/Usuario/Desktop/Proyecto_DTCTV/DTCTV
[UnityMemory] Configuration Parameters - Can be set up in boot.config
    "memorysetup-bucket-allocator-granularity=16"
    "memorysetup-bucket-allocator-bucket-count=8"
    "memorysetup-bucket-allocator-block-size=33554432"
    "memorysetup-bucket-allocator-block-count=8"
    "memorysetup-main-allocator-block-size=16777216"
    "memorysetup-thread-allocator-block-size=16777216"
    "memorysetup-gfx-main-allocator-block-size=16777216"
    "memorysetup-gfx-thread-allocator-block-size=16777216"
    "memorysetup-cache-allocator-block-size=4194304"
    "memorysetup-typetree-allocator-block-size=2097152"
    "memorysetup-profiler-bucket-allocator-granularity=16"
    "memorysetup-profiler-bucket-allocator-bucket-count=8"
    "memorysetup-profiler-bucket-allocator-block-size=33554432"
    "memorysetup-profiler-bucket-allocator-block-count=8"
    "memorysetup-profiler-allocator-block-size=16777216"
    "memorysetup-profiler-editor-allocator-block-size=1048576"
    "memorysetup-temp-allocator-size-main=16777216"
    "memorysetup-job-temp-allocator-block-size=2097152"
    "memorysetup-job-temp-allocator-block-size-background=1048576"
    "memorysetup-job-temp-allocator-reduction-small-platforms=262144"
    "memorysetup-temp-allocator-size-background-worker=32768"
    "memorysetup-temp-allocator-size-job-worker=262144"
    "memorysetup-temp-allocator-size-preload-manager=33554432"
    "memorysetup-temp-allocator-size-nav-mesh-worker=65536"
    "memorysetup-temp-allocator-size-audio-worker=65536"
    "memorysetup-temp-allocator-size-cloud-worker=32768"
    "memorysetup-temp-allocator-size-gi-baking-worker=262144"
    "memorysetup-temp-allocator-size-gfx=262144"
Refreshing native plugins compatible for Editor in 115.00 ms, found 3 plugins.
Preloading 0 native plugins for Editor in 0.00 ms.
Initialize engine version: 2021.3.12f1 (8af3c3e441b1)
[Subsystems] Discovering subsystems at path C:/Program Files/Unity/Hub/Editor/2021.3.12f1/Editor/Data/Resources/UnitySubsystems
[Subsystems] Discovering subsystems at path C:/Users/Usuario/Desktop/Proyecto_DTCTV/DTCTV/Assets
GfxDevice: creating device client; threaded=0; jobified=0
Direct3D:
    Version:  Direct3D 11.0 [level 11.1]
    Renderer: NVIDIA GeForce RTX 3060 (ID=0x2503)
    Vendor:   NVIDIA
    VRAM:     12115 MB
    Driver:   31.0.15.5222
Initialize mono
Mono path[0] = 'C:/Program Files/Unity/Hub/Editor/2021.3.12f1/Editor/Data/Managed'
Mono path[1] = 'C:/Program Files/Unity/Hub/Editor/2021.3.12f1/Editor/Data/MonoBleedingEdge/lib/mono/unityjit-win32'
Mono config path = 'C:/Program Files/Unity/Hub/Editor/2021.3.12f1/Editor/Data/MonoBleedingEdge/etc'
Using monoOptions --debugger-agent=transport=dt_socket,embedding=1,server=y,suspend=n,address=127.0.0.1:56840
Begin MonoManager ReloadAssembly
Registering precompiled unity dll's ...
Register platform support module: C:/Program Files/Unity/Hub/Editor/2021.3.12f1/Editor/Data/PlaybackEngines/WebGLSupport/UnityEditor.WebGL.Extensions.dll
Register platform support module: C:/Program Files/Unity/Hub/Editor/2021.3.12f1/Editor/Data/PlaybackEngines/WindowsStandaloneSupport/UnityEditor.WindowsStandalone.Extensions.dll
Register platform support module: C:/Program Files/Unity/Hub/Editor/2021.3.12f1/Editor/Data/PlaybackEngines/MetroSupport/UnityEditor.UWP.Extensions.dll
Registered in 0.009292 seconds.
Native extension for UWP target not found
Native extension for WindowsStandalone target not found
Native extension for WebGL target not found
Refreshing native plugins compatible for Editor in 112.99 ms, found 3 plugins.
Preloading 0 native plugins for Editor in 0.00 ms.
Mono: successfully reloaded assembly
- Completed reload, in  0.589 seconds
Domain Reload Profiling:
	ReloadAssembly (589ms)
		BeginReloadAssembly (69ms)
			ExecutionOrderSort (0ms)
			DisableScriptedObjects (0ms)
			BackupInstance (0ms)
			ReleaseScriptingObjects (0ms)
			CreateAndSetChildDomain (1ms)
		EndReloadAssembly (420ms)
			LoadAssemblies (65ms)
			RebuildTransferFunctionScriptingTraits (0ms)
			SetupTypeCache (78ms)
			ReleaseScriptCaches (0ms)
			RebuildScriptCaches (20ms)
			SetupLoadedEditorAssemblies (278ms)
				LogAssemblyErrors (0ms)
				InitializePlatformSupportModulesInManaged (9ms)
				SetLoadedEditorAssemblies (0ms)
				RefreshPlugins (113ms)
				BeforeProcessingInitializeOnLoad (1ms)
				ProcessInitializeOnLoadAttributes (116ms)
				ProcessInitializeOnLoadMethodAttributes (38ms)
				AfterProcessingInitializeOnLoad (0ms)
				EditorAssembliesLoaded (0ms)
			ExecutionOrderSort2 (0ms)
			AwakeInstancesAfterBackupRestoration (0ms)
Platform modules already initialized, skipping
Registering precompiled user dll's ...
Registered in 0.010079 seconds.
Begin MonoManager ReloadAssembly
Symbol file LoadedFromMemory doesn't match image C:\Users\Usuario\Desktop\Proyecto_DTCTV\DTCTV\Library\PackageCache\com.unity.visualscripting@1.7.8\Editor\VisualScripting.Core\Dependencies\YamlDotNet\Unity.VisualScripting.YamlDotNet.dll
Symbol file LoadedFromMemory doesn't match image C:\Users\Usuario\Desktop\Proyecto_DTCTV\DTCTV\Library\PackageCache\com.unity.visualscripting@1.7.8\Editor\VisualScripting.Core\Dependencies\DotNetZip\Unity.VisualScripting.IonicZip.dll
Native extension for UWP target not found
Native extension for WindowsStandalone target not found
Native extension for WebGL target not found
Refreshing native plugins compatible for Editor in 105.86 ms, found 3 plugins.
Preloading 0 native plugins for Editor in 0.00 ms.
Mono: successfully reloaded assembly
- Completed reload, in  1.118 seconds
Domain Reload Profiling:
	ReloadAssembly (1119ms)
		BeginReloadAssembly (97ms)
			ExecutionOrderSort (0ms)
			DisableScriptedObjects (4ms)
			BackupInstance (0ms)
			ReleaseScriptingObjects (0ms)
			CreateAndSetChildDomain (15ms)
		EndReloadAssembly (896ms)
			LoadAssemblies (89ms)
			RebuildTransferFunctionScriptingTraits (0ms)
			SetupTypeCache (206ms)
			ReleaseScriptCaches (1ms)
			RebuildScriptCaches (49ms)
			SetupLoadedEditorAssemblies (512ms)
				LogAssemblyErrors (0ms)
				InitializePlatformSupportModulesInManaged (7ms)
				SetLoadedEditorAssemblies (0ms)
				RefreshPlugins (106ms)
				BeforeProcessingInitializeOnLoad (97ms)
				ProcessInitializeOnLoadAttributes (226ms)
				ProcessInitializeOnLoadMethodAttributes (65ms)
				AfterProcessingInitializeOnLoad (11ms)
				EditorAssembliesLoaded (0ms)
			ExecutionOrderSort2 (0ms)
			AwakeInstancesAfterBackupRestoration (5ms)
Platform modules already initialized, skipping
========================================================================
Worker process is ready to serve import requests
Launched and connected shader compiler UnityShaderCompiler.exe after 0.03 seconds
Refreshing native plugins compatible for Editor in 1.82 ms, found 3 plugins.
Preloading 0 native plugins for Editor in 0.00 ms.
Unloading 5159 Unused Serialized files (Serialized files now loaded: 0)
Unloading 34 unused Assets / (0.7 MB). Loaded Objects now: 5617.
Memory consumption went from 204.2 MB to 203.5 MB.
Total: 5.323600 ms (FindLiveObjects: 0.494000 ms CreateObjectMapping: 0.234300 ms MarkObjects: 4.074700 ms  DeleteObjects: 0.516700 ms)

AssetImportParameters requested are different than current active one (requested -> active):
  custom:video-decoder-ogg-theora: a1e56fd34408186e4bbccfd4996cb3dc -> 
  custom:container-muxer-webm: aa71ff27fc2769a1b78a27578f13a17b -> 
  custom:container-demuxer-webm: 4f35f7cbe854078d1ac9338744f61a02 -> 
  custom:video-encoder-webm-vp8: eb34c28f22e8b96e1ab97ce403110664 -> 
  custom:audio-encoder-webm-vorbis: bf7c407c2cedff20999df2af8eb42d56 -> 
  custom:framework-win-MediaFoundation: 216162199b28c13a410421893ffa2e32 -> 
  custom:container-demuxer-ogg: 62fdf1f143b41e24485cea50d1cbac27 -> 
  custom:video-decoder-webm-vp8: 9c59270c3fd7afecdb556c50c9e8de78 -> 
  custom:audio-decoder-ogg-vorbis: bf7c407c2cedff20999df2af8eb42d56 -> 
========================================================================
Received Import Request.
  Time since last request: 348452.911446 seconds.
  path: Assets/Models/NIVEL1/Bath/Toothbrush/TexturaPasta/PastaBathMat.mat
  artifactKey: Guid(4329610300bd1ca409f1af7dcd04c24c) Importer(815301076,1909f56bfc062723c751e8b465ee728b)
Start importing Assets/Models/NIVEL1/Bath/Toothbrush/TexturaPasta/PastaBathMat.mat using Guid(4329610300bd1ca409f1af7dcd04c24c) Importer(815301076,1909f56bfc062723c751e8b465ee728b)  -> (artifact id: 'd222602c46a800dc8838bb0b7e9be893') in 0.234597 seconds 
========================================================================
Received Import Request.
  Time since last request: 138.550598 seconds.
  path: Assets/Models/NIVEL1/Bath/AlfombraToilet/Texturas/alfombra_terciopelo_ALFOMBRA_MetallicSmoothness.png
  artifactKey: Guid(f3dbabb728836f147a10299753d5796c) Importer(815301076,1909f56bfc062723c751e8b465ee728b)
Start importing Assets/Models/NIVEL1/Bath/AlfombraToilet/Texturas/alfombra_terciopelo_ALFOMBRA_MetallicSmoothness.png using Guid(f3dbabb728836f147a10299753d5796c) Importer(815301076,1909f56bfc062723c751e8b465ee728b)  -> (artifact id: '1b9adb733fd55256ed86b1f0a44219f5') in 0.043825 seconds 
========================================================================
Received Import Request.
  Time since last request: 55.883456 seconds.
  path: Assets/Models/NIVEL1/Cocina/NEVERA/NeveraMat.mat
  artifactKey: Guid(d3738b75348936d44a4674a6079cb3bc) Importer(815301076,1909f56bfc062723c751e8b465ee728b)
Start importing Assets/Models/NIVEL1/Cocina/NEVERA/NeveraMat.mat using Guid(d3738b75348936d44a4674a6079cb3bc) Importer(815301076,1909f56bfc062723c751e8b465ee728b)  -> (artifact id: '1891a58d3e87e223fde9e4cdb6d97b5a') in 0.043595 seconds 
========================================================================
Received Import Request.
  Time since last request: 414.922311 seconds.
  path: Assets/Models/NIVEL1/Cocina/NEVERA/IceCream/CremaCielo/popsicle_popsicle_material_MetallicSmoothness.png
  artifactKey: Guid(a92511cd00e215145a65f675ac83415a) Importer(815301076,1909f56bfc062723c751e8b465ee728b)
Start importing Assets/Models/NIVEL1/Cocina/NEVERA/IceCream/CremaCielo/popsicle_popsicle_material_MetallicSmoothness.png using Guid(a92511cd00e215145a65f675ac83415a) Importer(815301076,1909f56bfc062723c751e8b465ee728b)  -> (artifact id: '4befb1229f2ce9913d1f04c5afd921ad') in 0.047696 seconds 
========================================================================
Received Import Request.
  Time since last request: 0.000030 seconds.
  path: Assets/Models/NIVEL1/Cocina/NEVERA/IceCream/CremaCielo/popsicle_popsicle_material_Normal.png
  artifactKey: Guid(cba33c45614a1414691f6b53e53c08b6) Importer(815301076,1909f56bfc062723c751e8b465ee728b)
Start importing Assets/Models/NIVEL1/Cocina/NEVERA/IceCream/CremaCielo/popsicle_popsicle_material_Normal.png using Guid(cba33c45614a1414691f6b53e53c08b6) Importer(815301076,1909f56bfc062723c751e8b465ee728b)  -> (artifact id: '96e6240168fcb9d443aad478322014a6') in 0.007347 seconds 
========================================================================
Received Import Request.
  Time since last request: 31.571369 seconds.
  path: Assets/Models/NIVEL1/Cocina/NEVERA/IceCream/Chocolate/popsicle_popsicle_material_MetallicSmoothness.png
  artifactKey: Guid(14bb401bebd8c8742bf69340b7f387d9) Importer(815301076,1909f56bfc062723c751e8b465ee728b)
Start importing Assets/Models/NIVEL1/Cocina/NEVERA/IceCream/Chocolate/popsicle_popsicle_material_MetallicSmoothness.png using Guid(14bb401bebd8c8742bf69340b7f387d9) Importer(815301076,1909f56bfc062723c751e8b465ee728b)  -> (artifact id: '8c72c3c4046e4faf85305c89dee10797') in 0.008478 seconds 
========================================================================
Received Import Request.
  Time since last request: 0.000023 seconds.
  path: Assets/Models/NIVEL1/Cocina/NEVERA/IceCream/Chocolate/popsicle_popsicle_material_Normal.png
  artifactKey: Guid(e5b35b144d85d7f4c83f1fb3e14cb2b6) Importer(815301076,1909f56bfc062723c751e8b465ee728b)
Start importing Assets/Models/NIVEL1/Cocina/NEVERA/IceCream/Chocolate/popsicle_popsicle_material_Normal.png using Guid(e5b35b144d85d7f4c83f1fb3e14cb2b6) Importer(815301076,1909f56bfc062723c751e8b465ee728b)  -> (artifact id: '32cd1a49efb18794efab67956c3f6abe') in 0.029310 seconds 
========================================================================
Received Import Request.
  Time since last request: 73.231628 seconds.
  path: Assets/Models/NIVEL1/Cocina/NEVERA/IceCream/Fresa/popsicle_popsicle_material_MetallicSmoothness.png
  artifactKey: Guid(f7262625a76d1794ab20c36825b9ba97) Importer(815301076,1909f56bfc062723c751e8b465ee728b)
Start importing Assets/Models/NIVEL1/Cocina/NEVERA/IceCream/Fresa/popsicle_popsicle_material_MetallicSmoothness.png using Guid(f7262625a76d1794ab20c36825b9ba97) Importer(815301076,1909f56bfc062723c751e8b465ee728b)  -> (artifact id: '3c1ddf5566839965ceb4fd6e8c0932b0') in 0.052279 seconds 
========================================================================
Received Import Request.
  Time since last request: 0.000037 seconds.
  path: Assets/Models/NIVEL1/Cocina/NEVERA/IceCream/Fresa/popsicle_popsicle_material_Normal.png
  artifactKey: Guid(a12aafde5ef980743b9c350c2f24c86b) Importer(815301076,1909f56bfc062723c751e8b465ee728b)
Start importing Assets/Models/NIVEL1/Cocina/NEVERA/IceCream/Fresa/popsicle_popsicle_material_Normal.png using Guid(a12aafde5ef980743b9c350c2f24c86b) Importer(815301076,1909f56bfc062723c751e8b465ee728b)  -> (artifact id: '5f50d453003c5aa814d921d4fed2ca66') in 0.007349 seconds 
========================================================================
Received Import Request.
  Time since last request: 25.125232 seconds.
  path: Assets/Models/NIVEL1/Cocina/NEVERA/IceCream/Vainilla/popsicle_popsicle_material_MetallicSmoothness.png
  artifactKey: Guid(da3c6b02639a08643a3ec61f94479e0b) Importer(815301076,1909f56bfc062723c751e8b465ee728b)
Start importing Assets/Models/NIVEL1/Cocina/NEVERA/IceCream/Vainilla/popsicle_popsicle_material_MetallicSmoothness.png using Guid(da3c6b02639a08643a3ec61f94479e0b) Importer(815301076,1909f56bfc062723c751e8b465ee728b)  -> (artifact id: '1b96463d34202856a246677c829f316a') in 0.029393 seconds 
========================================================================
Received Import Request.
  Time since last request: 0.000035 seconds.
  path: Assets/Models/NIVEL1/Cocina/NEVERA/IceCream/Vainilla/popsicle_popsicle_material_Normal.png
  artifactKey: Guid(8e77be528e475d54dbb19ea37ed25727) Importer(815301076,1909f56bfc062723c751e8b465ee728b)
Start importing Assets/Models/NIVEL1/Cocina/NEVERA/IceCream/Vainilla/popsicle_popsicle_material_Normal.png using Guid(8e77be528e475d54dbb19ea37ed25727) Importer(815301076,1909f56bfc062723c751e8b465ee728b)  -> (artifact id: '3f6fcce14d36fc079cad06c4adae4bab') in 0.007036 seconds 
========================================================================
Received Import Request.
  Time since last request: 19.833739 seconds.
  path: Assets/Models/NIVEL1/Cocina/NEVERA/IceCream/Vainilla/VainillaMat.mat
  artifactKey: Guid(d11a89b4d2e679e44aa9dfb4fd89517c) Importer(815301076,1909f56bfc062723c751e8b465ee728b)
Start importing Assets/Models/NIVEL1/Cocina/NEVERA/IceCream/Vainilla/VainillaMat.mat using Guid(d11a89b4d2e679e44aa9dfb4fd89517c) Importer(815301076,1909f56bfc062723c751e8b465ee728b)  -> (artifact id: '581fb4eefb64876dd00987dde7ff28e4') in 0.011934 seconds 
========================================================================
Received Import Request.
  Time since last request: 246.303676 seconds.
  path: Assets/Models/NIVEL1/Cocina/NEVERA/IceRock/Texturas/IceRocks_lambert5_MetallicSmoothness.png
  artifactKey: Guid(b6d10aab392f876458403e246ef609cd) Importer(815301076,1909f56bfc062723c751e8b465ee728b)
Start importing Assets/Models/NIVEL1/Cocina/NEVERA/IceRock/Texturas/IceRocks_lambert5_MetallicSmoothness.png using Guid(b6d10aab392f876458403e246ef609cd) Importer(815301076,1909f56bfc062723c751e8b465ee728b)  -> (artifact id: 'e737d7c089901344c8cca954627d1cfe') in 0.008500 seconds 
========================================================================
Received Import Request.
  Time since last request: 0.540676 seconds.
  path: Assets/Models/NIVEL1/Cocina/NEVERA/IceRock/Texturas/IceRocks_lambert5_Normal.png
  artifactKey: Guid(d191e486176d7e44c9c16b4307ea4454) Importer(815301076,1909f56bfc062723c751e8b465ee728b)
Start importing Assets/Models/NIVEL1/Cocina/NEVERA/IceRock/Texturas/IceRocks_lambert5_Normal.png using Guid(d191e486176d7e44c9c16b4307ea4454) Importer(815301076,1909f56bfc062723c751e8b465ee728b)  -> (artifact id: '32ded4990dd9cea6021d6108bfd39e04') in 0.039234 seconds 
Editor requested this worker to shutdown with reason: Scaling down because of idle timeout
AssetImportWorker is now disconnected from the server
Process exiting
Exiting without the bug reporter. Application will terminate with return code 0